[2018-11-29T23:01:03,771][INFO ][o.e.n.Node               ] [] initializing ...
[2018-11-29T23:01:03,854][INFO ][o.e.e.NodeEnvironment    ] [BZmHfMu] using [1] data paths, mounts [[/ (/dev/disk1s1)]], net usable_space [107.4gb], net total_space [233.5gb], types [apfs]
[2018-11-29T23:01:03,854][INFO ][o.e.e.NodeEnvironment    ] [BZmHfMu] heap size [990.7mb], compressed ordinary object pointers [true]
[2018-11-29T23:01:03,858][INFO ][o.e.n.Node               ] [BZmHfMu] node name derived from node ID [BZmHfMuOTdqjcId0c6PabQ]; set [node.name] to override
[2018-11-29T23:01:03,858][INFO ][o.e.n.Node               ] [BZmHfMu] version[6.3.1], pid[51450], build[default/tar/eb782d0/2018-06-29T21:59:26.107521Z], OS[Mac OS X/10.14.1/x86_64], JVM[Oracle Corporation/Java HotSpot(TM) 64-Bit Server VM/1.8.0_161/25.161-b12]
[2018-11-29T23:01:03,859][INFO ][o.e.n.Node               ] [BZmHfMu] JVM arguments [-Xms1g, -Xmx1g, -XX:+UseConcMarkSweepGC, -XX:CMSInitiatingOccupancyFraction=75, -XX:+UseCMSInitiatingOccupancyOnly, -XX:+AlwaysPreTouch, -Xss1m, -Djava.awt.headless=true, -Dfile.encoding=UTF-8, -Djna.nosys=true, -XX:-OmitStackTraceInFastThrow, -Dio.netty.noUnsafe=true, -Dio.netty.noKeySetOptimization=true, -Dio.netty.recycler.maxCapacityPerThread=0, -Dlog4j.shutdownHookEnabled=false, -Dlog4j2.disable.jmx=true, -Djava.io.tmpdir=/var/folders/7q/n1hdg0yd5g5b79b6l1dzvkqh0000gn/T/elasticsearch.OPSDehlR, -XX:+HeapDumpOnOutOfMemoryError, -XX:HeapDumpPath=data, -XX:ErrorFile=logs/hs_err_pid%p.log, -XX:+PrintGCDetails, -XX:+PrintGCDateStamps, -XX:+PrintTenuringDistribution, -XX:+PrintGCApplicationStoppedTime, -Xloggc:logs/gc.log, -XX:+UseGCLogFileRotation, -XX:NumberOfGCLogFiles=32, -XX:GCLogFileSize=64m, -Des.path.home=/Users/victorhearnyeates/git/three_node_es_cluster, -Des.path.conf=/Users/victorhearnyeates/git/three_node_es_cluster, -Des.distribution.flavor=default, -Des.distribution.type=tar]
[2018-11-29T23:01:06,887][INFO ][o.e.p.PluginsService     ] [BZmHfMu] loaded module [aggs-matrix-stats]
[2018-11-29T23:01:06,887][INFO ][o.e.p.PluginsService     ] [BZmHfMu] loaded module [analysis-common]
[2018-11-29T23:01:06,888][INFO ][o.e.p.PluginsService     ] [BZmHfMu] loaded module [ingest-common]
[2018-11-29T23:01:06,888][INFO ][o.e.p.PluginsService     ] [BZmHfMu] loaded module [lang-expression]
[2018-11-29T23:01:06,888][INFO ][o.e.p.PluginsService     ] [BZmHfMu] loaded module [lang-mustache]
[2018-11-29T23:01:06,888][INFO ][o.e.p.PluginsService     ] [BZmHfMu] loaded module [lang-painless]
[2018-11-29T23:01:06,889][INFO ][o.e.p.PluginsService     ] [BZmHfMu] loaded module [mapper-extras]
[2018-11-29T23:01:06,889][INFO ][o.e.p.PluginsService     ] [BZmHfMu] loaded module [parent-join]
[2018-11-29T23:01:06,889][INFO ][o.e.p.PluginsService     ] [BZmHfMu] loaded module [percolator]
[2018-11-29T23:01:06,890][INFO ][o.e.p.PluginsService     ] [BZmHfMu] loaded module [rank-eval]
[2018-11-29T23:01:06,890][INFO ][o.e.p.PluginsService     ] [BZmHfMu] loaded module [reindex]
[2018-11-29T23:01:06,890][INFO ][o.e.p.PluginsService     ] [BZmHfMu] loaded module [repository-url]
[2018-11-29T23:01:06,890][INFO ][o.e.p.PluginsService     ] [BZmHfMu] loaded module [transport-netty4]
[2018-11-29T23:01:06,890][INFO ][o.e.p.PluginsService     ] [BZmHfMu] loaded module [tribe]
[2018-11-29T23:01:06,890][INFO ][o.e.p.PluginsService     ] [BZmHfMu] loaded module [x-pack-core]
[2018-11-29T23:01:06,890][INFO ][o.e.p.PluginsService     ] [BZmHfMu] loaded module [x-pack-deprecation]
[2018-11-29T23:01:06,891][INFO ][o.e.p.PluginsService     ] [BZmHfMu] loaded module [x-pack-graph]
[2018-11-29T23:01:06,891][INFO ][o.e.p.PluginsService     ] [BZmHfMu] loaded module [x-pack-logstash]
[2018-11-29T23:01:06,891][INFO ][o.e.p.PluginsService     ] [BZmHfMu] loaded module [x-pack-ml]
[2018-11-29T23:01:06,891][INFO ][o.e.p.PluginsService     ] [BZmHfMu] loaded module [x-pack-monitoring]
[2018-11-29T23:01:06,891][INFO ][o.e.p.PluginsService     ] [BZmHfMu] loaded module [x-pack-rollup]
[2018-11-29T23:01:06,892][INFO ][o.e.p.PluginsService     ] [BZmHfMu] loaded module [x-pack-security]
[2018-11-29T23:01:06,892][INFO ][o.e.p.PluginsService     ] [BZmHfMu] loaded module [x-pack-sql]
[2018-11-29T23:01:06,892][INFO ][o.e.p.PluginsService     ] [BZmHfMu] loaded module [x-pack-upgrade]
[2018-11-29T23:01:06,892][INFO ][o.e.p.PluginsService     ] [BZmHfMu] loaded module [x-pack-watcher]
[2018-11-29T23:01:06,893][INFO ][o.e.p.PluginsService     ] [BZmHfMu] no plugins loaded
[2018-11-29T23:01:09,530][ERROR][o.e.b.Bootstrap          ] Exception
java.lang.IllegalArgumentException: unknown setting [path.conf] please check that any required plugins are installed, or check the breaking changes documentation for removed settings
	at org.elasticsearch.common.settings.AbstractScopedSettings.validate(AbstractScopedSettings.java:344) ~[elasticsearch-6.3.1.jar:6.3.1]
	at org.elasticsearch.common.settings.AbstractScopedSettings.validate(AbstractScopedSettings.java:308) ~[elasticsearch-6.3.1.jar:6.3.1]
	at org.elasticsearch.common.settings.AbstractScopedSettings.validate(AbstractScopedSettings.java:282) ~[elasticsearch-6.3.1.jar:6.3.1]
	at org.elasticsearch.common.settings.SettingsModule.<init>(SettingsModule.java:135) ~[elasticsearch-6.3.1.jar:6.3.1]
	at org.elasticsearch.node.Node.<init>(Node.java:339) ~[elasticsearch-6.3.1.jar:6.3.1]
	at org.elasticsearch.node.Node.<init>(Node.java:252) ~[elasticsearch-6.3.1.jar:6.3.1]
	at org.elasticsearch.bootstrap.Bootstrap$5.<init>(Bootstrap.java:213) ~[elasticsearch-6.3.1.jar:6.3.1]
	at org.elasticsearch.bootstrap.Bootstrap.setup(Bootstrap.java:213) ~[elasticsearch-6.3.1.jar:6.3.1]
	at org.elasticsearch.bootstrap.Bootstrap.init(Bootstrap.java:326) [elasticsearch-6.3.1.jar:6.3.1]
	at org.elasticsearch.bootstrap.Elasticsearch.init(Elasticsearch.java:136) [elasticsearch-6.3.1.jar:6.3.1]
	at org.elasticsearch.bootstrap.Elasticsearch.execute(Elasticsearch.java:127) [elasticsearch-6.3.1.jar:6.3.1]
	at org.elasticsearch.cli.EnvironmentAwareCommand.execute(EnvironmentAwareCommand.java:86) [elasticsearch-6.3.1.jar:6.3.1]
	at org.elasticsearch.cli.Command.mainWithoutErrorHandling(Command.java:124) [elasticsearch-cli-6.3.1.jar:6.3.1]
	at org.elasticsearch.cli.Command.main(Command.java:90) [elasticsearch-cli-6.3.1.jar:6.3.1]
	at org.elasticsearch.bootstrap.Elasticsearch.main(Elasticsearch.java:93) [elasticsearch-6.3.1.jar:6.3.1]
	at org.elasticsearch.bootstrap.Elasticsearch.main(Elasticsearch.java:86) [elasticsearch-6.3.1.jar:6.3.1]
[2018-11-29T23:01:09,538][WARN ][o.e.b.ElasticsearchUncaughtExceptionHandler] [] uncaught exception in thread [main]
org.elasticsearch.bootstrap.StartupException: java.lang.IllegalArgumentException: unknown setting [path.conf] please check that any required plugins are installed, or check the breaking changes documentation for removed settings
	at org.elasticsearch.bootstrap.Elasticsearch.init(Elasticsearch.java:140) ~[elasticsearch-6.3.1.jar:6.3.1]
	at org.elasticsearch.bootstrap.Elasticsearch.execute(Elasticsearch.java:127) ~[elasticsearch-6.3.1.jar:6.3.1]
	at org.elasticsearch.cli.EnvironmentAwareCommand.execute(EnvironmentAwareCommand.java:86) ~[elasticsearch-6.3.1.jar:6.3.1]
	at org.elasticsearch.cli.Command.mainWithoutErrorHandling(Command.java:124) ~[elasticsearch-cli-6.3.1.jar:6.3.1]
	at org.elasticsearch.cli.Command.main(Command.java:90) ~[elasticsearch-cli-6.3.1.jar:6.3.1]
	at org.elasticsearch.bootstrap.Elasticsearch.main(Elasticsearch.java:93) ~[elasticsearch-6.3.1.jar:6.3.1]
	at org.elasticsearch.bootstrap.Elasticsearch.main(Elasticsearch.java:86) ~[elasticsearch-6.3.1.jar:6.3.1]
Caused by: java.lang.IllegalArgumentException: unknown setting [path.conf] please check that any required plugins are installed, or check the breaking changes documentation for removed settings
	at org.elasticsearch.common.settings.AbstractScopedSettings.validate(AbstractScopedSettings.java:344) ~[elasticsearch-6.3.1.jar:6.3.1]
	at org.elasticsearch.common.settings.AbstractScopedSettings.validate(AbstractScopedSettings.java:308) ~[elasticsearch-6.3.1.jar:6.3.1]
	at org.elasticsearch.common.settings.AbstractScopedSettings.validate(AbstractScopedSettings.java:282) ~[elasticsearch-6.3.1.jar:6.3.1]
	at org.elasticsearch.common.settings.SettingsModule.<init>(SettingsModule.java:135) ~[elasticsearch-6.3.1.jar:6.3.1]
	at org.elasticsearch.node.Node.<init>(Node.java:339) ~[elasticsearch-6.3.1.jar:6.3.1]
	at org.elasticsearch.node.Node.<init>(Node.java:252) ~[elasticsearch-6.3.1.jar:6.3.1]
	at org.elasticsearch.bootstrap.Bootstrap$5.<init>(Bootstrap.java:213) ~[elasticsearch-6.3.1.jar:6.3.1]
	at org.elasticsearch.bootstrap.Bootstrap.setup(Bootstrap.java:213) ~[elasticsearch-6.3.1.jar:6.3.1]
	at org.elasticsearch.bootstrap.Bootstrap.init(Bootstrap.java:326) ~[elasticsearch-6.3.1.jar:6.3.1]
	at org.elasticsearch.bootstrap.Elasticsearch.init(Elasticsearch.java:136) ~[elasticsearch-6.3.1.jar:6.3.1]
	... 6 more
